src/app/(app)/(tabs)/home/(storeInfo)/about_us.tsx(573,24): error TS2820: Type '"arrowright"' is not assignable to type '"number" | "function" | "left" | "info" | "api" | "filter" | "container" | "android" | "windows" | "bold" | "medium" | "right" | "underline" | "warning" | "search" | "link" | "user" | ... 432 more ... | undefined'. Did you mean '"arrow-right"'?
src/app/(app)/(tabs)/home/our_stores.tsx(164,19): error TS2820: Type '"enviromento"' is not assignable to type '"number" | "function" | "left" | "info" | "api" | "filter" | "container" | "android" | "windows" | "bold" | "medium" | "right" | "underline" | "warning" | "search" | "link" | "user" | ... 432 more ... | undefined'. Did you mean '"environment"'?
src/app/(app)/(tabs)/home/StoreLocator.tsx(176,19): error TS2820: Type '"enviromento"' is not assignable to type '"number" | "function" | "left" | "info" | "api" | "filter" | "container" | "android" | "windows" | "bold" | "medium" | "right" | "underline" | "warning" | "search" | "link" | "user" | ... 432 more ... | undefined'. Did you mean '"environment"'?
src/components/DrawerScreenTemplate.tsx(125,11): error TS2322: Type 'NestedTextColors' is not assignable to type 'string'.
src/components/DrawerScreenTemplate.tsx(179,5): error TS2322: Type 'NestedBackgroundColors' is not assignable to type 'ColorValue | undefined'.
src/components/DrawerScreenTemplate.tsx(186,5): error TS2322: Type 'NestedBackgroundColors' is not assignable to type 'ColorValue | undefined'.
src/components/DynamicVisibilityWrapper.tsx(155,13): error TS2322: Type '{ title: string; onPress: () => Promise<void>; style: { backgroundColor: string; paddingHorizontal: number; paddingVertical: number; borderRadius: number; }; textStyle: { color: string; fontWeight: "bold"; }; }' is not assignable to type 'IntrinsicAttributes & ResponsiveButtonProps'.
  Property 'textStyle' does not exist on type 'IntrinsicAttributes & ResponsiveButtonProps'.
src/components/DynamicVisibilityWrapper.tsx(237,32): error TS2339: Property 'textPrimary' does not exist on type 'AllColors'.
src/components/DynamicVisibilityWrapper.tsx(297,19): error TS2339: Property 'textGrey' does not exist on type 'AllColors'.
src/components/MaintenanceScreen.tsx(263,17): error TS2339: Property 'maintenanceAPI' does not exist on type 'typeof import("C:/Users/nithy/Videos/akila/akila_mobileApp_final_edition/src/services/api")'.
src/components/MaintenanceScreen.tsx(373,15): error TS2339: Property 'maintenanceAPI' does not exist on type 'typeof import("C:/Users/nithy/Videos/akila/akila_mobileApp_final_edition/src/services/api")'.
src/constants/ColorExample.tsx(111,22): error TS2304: Cannot find name 'COLORS'.
src/constants/ColorExample.tsx(120,12): error TS2304: Cannot find name 'COLORS'.
src/constants/ColorExample.tsx(125,24): error TS2304: Cannot find name 'COLORS'.
src/constants/ColorExample.tsx(130,12): error TS2304: Cannot find name 'COLORS'.
src/constants/ColorExample.tsx(143,18): error TS2304: Cannot find name 'COLORS'.
src/constants/ColorExample.tsx(150,12): error TS2304: Cannot find name 'COLORS'.
src/constants/ColorExample.tsx(170,12): error TS2304: Cannot find name 'COLORS'.
src/constants/ColorExample.tsx(180,18): error TS2304: Cannot find name 'COLORS'.
src/constants/ColorExample.tsx(196,18): error TS2304: Cannot find name 'COLORS'.
src/examples/DrawerScreenExample.tsx(82,19): error TS2345: Argument of type 'string' is not assignable to parameter of type 'AppLocale'.
src/examples/DrawerScreenExample.tsx(155,11): error TS2322: Type 'NestedTextColors' is not assignable to type 'string'.
src/examples/DrawerScreenExample.tsx(192,11): error TS2322: Type 'NestedTextColors' is not assignable to type 'string'.
src/examples/DrawerScreenExample.tsx(212,9): error TS2322: Type '"h2"' is not assignable to type '"subtitle" | "label" | "body" | "button" | "title" | "caption" | undefined'.
src/examples/DrawerScreenExample.tsx(224,9): error TS2322: Type 'NestedTextColors' is not assignable to type 'string'.
src/examples/DrawerScreenExample.tsx(233,54): error TS2322: Type 'NestedTextColors' is not assignable to type 'string'.
src/examples/DrawerScreenExample.tsx(265,5): error TS2322: Type 'NestedBackgroundColors' is not assignable to type 'ColorValue | undefined'.
src/examples/DynamicVisibilityExample.tsx(10,33): error TS2307: Cannot find module 'expo-image' or its corresponding type declarations.
src/examples/DynamicVisibilityExample.tsx(47,25): error TS2528: A module cannot have multiple default exports.
src/examples/DynamicVisibilityExample.tsx(72,9): error TS2322: Type '{ type: string; rate: string; change: string; style: ViewStyle | TextStyle | ImageStyle; }' is not assignable to type 'IntrinsicAttributes & LiveRateCardProps'.
  Property 'change' does not exist on type 'IntrinsicAttributes & LiveRateCardProps'.
src/examples/DynamicVisibilityExample.tsx(80,9): error TS2322: Type '{ type: string; rate: string; change: string; style: ViewStyle | TextStyle | ImageStyle; }' is not assignable to type 'IntrinsicAttributes & LiveRateCardProps'.
  Property 'change' does not exist on type 'IntrinsicAttributes & LiveRateCardProps'.
src/examples/DynamicVisibilityExample.tsx(88,13): error TS2322: Type 'number' is not assignable to type 'string'.
src/examples/DynamicVisibilityExample.tsx(92,13): error TS2322: Type 'number' is not assignable to type 'string'.
src/examples/DynamicVisibilityExample.tsx(99,9): error TS2322: Type '{ title: string; description: string; image: string; style: ViewStyle | TextStyle | ImageStyle; }' is not assignable to type 'IntrinsicAttributes & FlashOfferProps'.
  Property 'title' does not exist on type 'IntrinsicAttributes & FlashOfferProps'.
src/examples/DynamicVisibilityExample.tsx(107,9): error TS2322: Type '{ title: string; description: string; image: string; style: ViewStyle | TextStyle | ImageStyle; }' is not assignable to type 'IntrinsicAttributes & SchemeCardProps'.
  Property 'title' does not exist on type 'IntrinsicAttributes & SchemeCardProps'.
src/examples/DynamicVisibilityExample.tsx(115,9): error TS2322: Type '{ title: string; platforms: string[]; style: ViewStyle | TextStyle | ImageStyle; }' is not assignable to type 'IntrinsicAttributes & { socialMediaUrls: any; }'.
  Property 'title' does not exist on type 'IntrinsicAttributes & { socialMediaUrls: any; }'.
src/examples/DynamicVisibilityExample.tsx(122,9): error TS2322: Type '{ title: string; phone: string; email: string; style: ViewStyle | TextStyle | ImageStyle; }' is not assignable to type 'IntrinsicAttributes'.
  Property 'title' does not exist on type 'IntrinsicAttributes'.
src/examples/DynamicVisibilityExample.tsx(130,9): error TS2322: Type '{ images: string[]; style: ViewStyle | TextStyle | ImageStyle; }' is not assignable to type 'IntrinsicAttributes & HallmarkSliderProps'.
  Property 'images' does not exist on type 'IntrinsicAttributes & HallmarkSliderProps'.
src/examples/DynamicVisibilityExample.tsx(139,9): error TS2322: Type '{ onPress: () => void; style: ViewStyle | TextStyle | ImageStyle; }' is not assignable to type 'IntrinsicAttributes'.
  Property 'onPress' does not exist on type 'IntrinsicAttributes'.
src/examples/DynamicVisibilityExample.tsx(145,9): error TS2322: Type '{ currentLanguage: string; onLanguageChange: (lang: any) => void; style: ViewStyle | TextStyle | ImageStyle; }' is not assignable to type 'IntrinsicAttributes & LanguageSelectorProps'.
  Property 'currentLanguage' does not exist on type 'IntrinsicAttributes & LanguageSelectorProps'.
src/examples/DynamicVisibilityExample.tsx(146,28): error TS7006: Parameter 'lang' implicitly has an 'any' type.
src/examples/DynamicVisibilityExample.tsx(216,19): error TS2322: Type '{ title: string; onPress: () => Promise<void>; style: ViewStyle | TextStyle | ImageStyle; textStyle: ViewStyle | TextStyle | ImageStyle; }' is not assignable to type 'IntrinsicAttributes & ResponsiveButtonProps'.
  Property 'textStyle' does not exist on type 'IntrinsicAttributes & ResponsiveButtonProps'.
src/examples/DynamicVisibilityExample.tsx(258,21): error TS2322: Type '{ title: string; onPress: () => Promise<void>; style: ViewStyle | TextStyle | ImageStyle; textStyle: ViewStyle | TextStyle | ImageStyle; }' is not assignable to type 'IntrinsicAttributes & ResponsiveButtonProps'.
  Property 'textStyle' does not exist on type 'IntrinsicAttributes & ResponsiveButtonProps'.
src/examples/DynamicVisibilityExample.tsx(292,56): error TS2345: Argument of type 'keyof VisibilityConfig' is not assignable to parameter of type '"showGoldRate" | "showSilverRate" | "showCollection" | "showPoster" | "showFlashnews" | "showCustomerCard" | "showSchemes" | "showFlexiScheme" | "showFixedScheme" | "showDailyScheme" | ... 6 more ... | "showTranslate"'.
  Type '"id"' is not assignable to type '"showGoldRate" | "showSilverRate" | "showCollection" | "showPoster" | "showFlashnews" | "showCustomerCard" | "showSchemes" | "showFlexiScheme" | "showFixedScheme" | "showDailyScheme" | ... 6 more ... | "showTranslate"'.
src/examples/DynamicVisibilityExample.tsx(436,5): error TS2322: Type 'NestedBackgroundColors' is not assignable to type 'ColorValue | undefined'.
src/examples/DynamicVisibilityExample.tsx(447,5): error TS2322: Type 'NestedBorderColors' is not assignable to type 'ColorValue | undefined'.
src/examples/DynamicVisibilityExample.tsx(460,19): error TS2339: Property 'textGrey' does not exist on type 'AllColors'.
src/examples/DynamicVisibilityExample.tsx(535,16): error TS2528: A module cannot have multiple default exports.
src/examples/FixedHomeComponent.tsx(375,17): error TS2322: Type '"h1"' is not assignable to type '"subtitle" | "label" | "body" | "button" | "title" | "caption" | undefined'.
src/examples/FixedHomeComponent.tsx(387,16): error TS2739: Type '{}' is missing the following properties from type 'LiveRateCardProps': type, rate, lastupdated, image
src/examples/FixedHomeComponent.tsx(394,17): error TS2322: Type '{ images: any[]; isLoading: boolean; onImagePress: (index: any) => void; }' is not assignable to type 'IntrinsicAttributes & ImageSliderProps'.
  Property 'isLoading' does not exist on type 'IntrinsicAttributes & ImageSliderProps'.
src/examples/FixedHomeComponent.tsx(395,32): error TS7006: Parameter 'index' implicitly has an 'any' type.
src/examples/FixedHomeComponent.tsx(402,17): error TS2322: Type '"h2"' is not assignable to type '"subtitle" | "label" | "body" | "button" | "title" | "caption" | undefined'.
src/examples/FixedHomeComponent.tsx(421,25): error TS2322: Type 'NestedTextColors' is not assignable to type 'string'.
src/examples/FixedHomeComponent.tsx(446,16): error TS2741: Property 'schemes' is missing in type '{}' but required in type 'InvestmentCardsProps'.
src/examples/FixedHomeComponent.tsx(453,19): error TS2322: Type '{ news: any[]; onPress: (news: any) => void; }' is not assignable to type 'IntrinsicAttributes & FlashBannerProps'.
  Property 'news' does not exist on type 'IntrinsicAttributes & FlashBannerProps'.
src/examples/FixedHomeComponent.tsx(454,29): error TS7006: Parameter 'news' implicitly has an 'any' type.
src/examples/FixedHomeComponent.tsx(462,16): error TS2741: Property 'socialMediaUrls' is missing in type '{}' but required in type '{ socialMediaUrls: any; }'.
src/examples/FixedHomeComponent.tsx(478,15): error TS2322: Type '{ collection: Collection | null; onClose: () => void; }' is not assignable to type 'IntrinsicAttributes & StatusViewProps'.
  Property 'collection' does not exist on type 'IntrinsicAttributes & StatusViewProps'. Did you mean 'collections'?
src/examples/SimpleDynamicVisibilityExample.tsx(3,33): error TS2307: Cannot find module 'expo-image' or its corresponding type declarations.
src/examples/SimpleDynamicVisibilityExample.tsx(24,25): error TS2528: A module cannot have multiple default exports.
src/examples/SimpleDynamicVisibilityExample.tsx(35,9): error TS2322: Type '{ type: string; rate: string; change: string; style: ViewStyle | TextStyle | ImageStyle; }' is not assignable to type 'IntrinsicAttributes & LiveRateCardProps'.
  Property 'change' does not exist on type 'IntrinsicAttributes & LiveRateCardProps'.
src/examples/SimpleDynamicVisibilityExample.tsx(43,9): error TS2322: Type '{ type: string; rate: string; change: string; style: ViewStyle | TextStyle | ImageStyle; }' is not assignable to type 'IntrinsicAttributes & LiveRateCardProps'.
  Property 'change' does not exist on type 'IntrinsicAttributes & LiveRateCardProps'.
src/examples/SimpleDynamicVisibilityExample.tsx(51,13): error TS2322: Type 'number' is not assignable to type 'string'.
src/examples/SimpleDynamicVisibilityExample.tsx(55,13): error TS2322: Type 'number' is not assignable to type 'string'.
src/examples/SimpleDynamicVisibilityExample.tsx(116,59): error TS2322: Type '{ type: string; rate: string; change: string; }' is not assignable to type 'IntrinsicAttributes & LiveRateCardProps'.
  Property 'change' does not exist on type 'IntrinsicAttributes & LiveRateCardProps'.
src/examples/SimpleDynamicVisibilityExample.tsx(125,62): error TS2322: Type '{ type: string; rate: string; change: string; }' is not assignable to type 'IntrinsicAttributes & LiveRateCardProps'.
  Property 'change' does not exist on type 'IntrinsicAttributes & LiveRateCardProps'.
src/examples/SimpleDynamicVisibilityExample.tsx(230,5): error TS2322: Type 'NestedBackgroundColors' is not assignable to type 'ColorValue | undefined'.
src/examples/SimpleDynamicVisibilityExample.tsx(278,16): error TS2528: A module cannot have multiple default exports.
